<?xml version="1.0" encoding="UTF-8"?>
<testsuite name="JwtTokenFactoryTest" tests="1" skipped="0" failures="0" errors="0" timestamp="2021-09-16T04:27:05" hostname="Lucas" time="0.167">
  <properties/>
  <testcase name="whenJwt_User_mustReturnValidJWT()" classname="JwtTokenFactoryTest" time="0.167"/>
  <system-out><![CDATA[]]></system-out>
  <system-err><![CDATA[]]></system-err>
</testsuite>
